<?xml version="1.0" encoding="UTF-8"?>
<!-- Generated by org.testng.reporters.JUnitReportReporter -->
<testsuite skipped="0" hostname="Lenovo-PC" name="TestCases.LogintoFB" tests="1" failures="0" timestamp="03 Jul 2020 22:20:55 GMT" time="6.944" errors="0">
  <testcase name="LoginFaceBook" time="6.944" classname="TestCases.LogintoFB"/>
</testsuite> <!-- TestCases.LogintoFB -->
