<?xml version="1.0" encoding="UTF-8"?>
<!-- Generated by org.testng.reporters.JUnitReportReporter -->
<testsuite skipped="0" hostname="Lenovo-PC" name="restClient_Tests.APIGetTest" tests="1" failures="0" timestamp="03 Jul 2020 05:37:23 GMT" time="1.195" errors="0">
  <testcase name="getAPI" time="1.195" classname="restClient_Tests.APIGetTest"/>
</testsuite> <!-- restClient_Tests.APIGetTest -->
